{"C:\\Users\\Hp\\Desktop\\Taxtech-shipping-server\\src\\app.ts": {"path":"C:\\Users\\Hp\\Desktop\\Taxtech-shipping-server\\src\\app.ts","statementMap":{"0":{"start":{"line":12,"column":21},"end":{"line":12,"column":30}},"1":{"start":{"line":14,"column":0},"end":{"line":14,"column":41}},"2":{"start":{"line":15,"column":0},"end":{"line":15,"column":18}},"3":{"start":{"line":16,"column":0},"end":{"line":16,"column":25}},"4":{"start":{"line":18,"column":0},"end":{"line":18,"column":41}},"5":{"start":{"line":20,"column":0},"end":{"line":22,"column":3}},"6":{"start":{"line":21,"column":2},"end":{"line":21,"column":71}},"7":{"start":{"line":25,"column":13},"end":{"line":25,"column":37}},"8":{"start":{"line":27,"column":0},"end":{"line":37,"column":3}},"9":{"start":{"line":28,"column":2},"end":{"line":33,"column":3}},"10":{"start":{"line":29,"column":4},"end":{"line":29,"column":24}},"11":{"start":{"line":30,"column":4},"end":{"line":30,"column":53}},"12":{"start":{"line":32,"column":4},"end":{"line":32,"column":25}},"13":{"start":{"line":35,"column":0},"end":{"line":35,"column":23}},"14":{"start":{"line":36,"column":0},"end":{"line":36,"column":22}}},"fnMap":{"0":{"name":"(anonymous_0)","decl":{"start":{"line":20,"column":19},"end":{"line":20,"column":20}},"loc":{"start":{"line":20,"column":52},"end":{"line":22,"column":1}}},"1":{"name":"(anonymous_1)","decl":{"start":{"line":27,"column":17},"end":{"line":27,"column":22}},"loc":{"start":{"line":27,"column":28},"end":{"line":37,"column":1}}}},"branchMap":{"0":{"loc":{"start":{"line":25,"column":13},"end":{"line":25,"column":37}},"type":"binary-expr","locations":[{"start":{"line":25,"column":13},"end":{"line":25,"column":29}},{"start":{"line":25,"column":33},"end":{"line":25,"column":37}}]}},"s":{"0":1,"1":1,"2":1,"3":1,"4":1,"5":1,"6":0,"7":1,"8":1,"9":1,"10":1,"11":1,"12":0,"13":1,"14":1},"f":{"0":0,"1":1},"b":{"0":[1,1]}}
,"C:\\Users\\Hp\\Desktop\\Taxtech-shipping-server\\src\\config\\databaseConnection.ts": {"path":"C:\\Users\\Hp\\Desktop\\Taxtech-shipping-server\\src\\config\\databaseConnection.ts","statementMap":{"0":{"start":{"line":3,"column":18},"end":{"line":3,"column":49}},"1":{"start":{"line":4,"column":20},"end":{"line":11,"column":1}},"2":{"start":{"line":5,"column":2},"end":{"line":10,"column":3}},"3":{"start":{"line":6,"column":4},"end":{"line":6,"column":38}},"4":{"start":{"line":7,"column":4},"end":{"line":7,"column":58}},"5":{"start":{"line":9,"column":4},"end":{"line":9,"column":23}}},"fnMap":{"0":{"name":"(anonymous_0)","decl":{"start":{"line":4,"column":20},"end":{"line":4,"column":25}},"loc":{"start":{"line":4,"column":31},"end":{"line":11,"column":1}}}},"branchMap":{},"s":{"0":1,"1":1,"2":1,"3":1,"4":1,"5":0},"f":{"0":1},"b":{}}
,"C:\\Users\\Hp\\Desktop\\Taxtech-shipping-server\\src\\controllers\\shipment.ts": {"path":"C:\\Users\\Hp\\Desktop\\Taxtech-shipping-server\\src\\controllers\\shipment.ts","statementMap":{"0":{"start":{"line":9,"column":25},"end":{"line":18,"column":1}},"1":{"start":{"line":10,"column":2},"end":{"line":17,"column":5}},"2":{"start":{"line":11,"column":4},"end":{"line":16,"column":5}},"3":{"start":{"line":12,"column":6},"end":{"line":15,"column":8}},"4":{"start":{"line":21,"column":25},"end":{"line":28,"column":1}},"5":{"start":{"line":22,"column":2},"end":{"line":27,"column":3}},"6":{"start":{"line":23,"column":4},"end":{"line":26,"column":6}},"7":{"start":{"line":31,"column":30},"end":{"line":47,"column":1}},"8":{"start":{"line":32,"column":2},"end":{"line":32,"column":86}},"9":{"start":{"line":34,"column":19},"end":{"line":39,"column":4}},"10":{"start":{"line":41,"column":2},"end":{"line":46,"column":4}},"11":{"start":{"line":50,"column":31},"end":{"line":59,"column":1}},"12":{"start":{"line":51,"column":20},"end":{"line":51,"column":65}},"13":{"start":{"line":53,"column":2},"end":{"line":58,"column":4}},"14":{"start":{"line":62,"column":31},"end":{"line":80,"column":1}},"15":{"start":{"line":63,"column":2},"end":{"line":63,"column":34}},"16":{"start":{"line":65,"column":19},"end":{"line":65,"column":57}},"17":{"start":{"line":67,"column":2},"end":{"line":72,"column":3}},"18":{"start":{"line":68,"column":4},"end":{"line":71,"column":6}},"19":{"start":{"line":74,"column":2},"end":{"line":79,"column":4}},"20":{"start":{"line":83,"column":30},"end":{"line":126,"column":1}},"21":{"start":{"line":84,"column":2},"end":{"line":84,"column":34}},"22":{"start":{"line":86,"column":19},"end":{"line":86,"column":57}},"23":{"start":{"line":88,"column":2},"end":{"line":93,"column":3}},"24":{"start":{"line":89,"column":4},"end":{"line":92,"column":6}},"25":{"start":{"line":95,"column":2},"end":{"line":100,"column":3}},"26":{"start":{"line":96,"column":4},"end":{"line":99,"column":6}},"27":{"start":{"line":102,"column":2},"end":{"line":107,"column":3}},"28":{"start":{"line":103,"column":4},"end":{"line":106,"column":6}},"29":{"start":{"line":109,"column":24},"end":{"line":109,"column":53}},"30":{"start":{"line":110,"column":2},"end":{"line":115,"column":3}},"31":{"start":{"line":111,"column":4},"end":{"line":114,"column":6}},"32":{"start":{"line":117,"column":2},"end":{"line":117,"column":36}},"33":{"start":{"line":118,"column":2},"end":{"line":118,"column":24}},"34":{"start":{"line":120,"column":2},"end":{"line":125,"column":4}},"35":{"start":{"line":129,"column":30},"end":{"line":155,"column":1}},"36":{"start":{"line":130,"column":2},"end":{"line":130,"column":34}},"37":{"start":{"line":132,"column":19},"end":{"line":132,"column":57}},"38":{"start":{"line":134,"column":2},"end":{"line":139,"column":3}},"39":{"start":{"line":135,"column":4},"end":{"line":138,"column":6}},"40":{"start":{"line":141,"column":2},"end":{"line":146,"column":3}},"41":{"start":{"line":142,"column":4},"end":{"line":145,"column":6}},"42":{"start":{"line":148,"column":2},"end":{"line":148,"column":29}},"43":{"start":{"line":150,"column":2},"end":{"line":154,"column":4}}},"fnMap":{"0":{"name":"(anonymous_0)","decl":{"start":{"line":9,"column":25},"end":{"line":9,"column":26}},"loc":{"start":{"line":9,"column":57},"end":{"line":18,"column":1}}},"1":{"name":"(anonymous_1)","decl":{"start":{"line":10,"column":17},"end":{"line":10,"column":22}},"loc":{"start":{"line":10,"column":25},"end":{"line":17,"column":3}}},"2":{"name":"(anonymous_2)","decl":{"start":{"line":21,"column":25},"end":{"line":21,"column":26}},"loc":{"start":{"line":21,"column":40},"end":{"line":28,"column":1}}},"3":{"name":"(anonymous_3)","decl":{"start":{"line":31,"column":30},"end":{"line":31,"column":35}},"loc":{"start":{"line":31,"column":68},"end":{"line":47,"column":1}}},"4":{"name":"(anonymous_4)","decl":{"start":{"line":50,"column":31},"end":{"line":50,"column":36}},"loc":{"start":{"line":50,"column":69},"end":{"line":59,"column":1}}},"5":{"name":"(anonymous_5)","decl":{"start":{"line":62,"column":31},"end":{"line":62,"column":36}},"loc":{"start":{"line":62,"column":69},"end":{"line":80,"column":1}}},"6":{"name":"(anonymous_6)","decl":{"start":{"line":83,"column":30},"end":{"line":83,"column":35}},"loc":{"start":{"line":83,"column":68},"end":{"line":126,"column":1}}},"7":{"name":"(anonymous_7)","decl":{"start":{"line":129,"column":30},"end":{"line":129,"column":35}},"loc":{"start":{"line":129,"column":68},"end":{"line":155,"column":1}}}},"branchMap":{"0":{"loc":{"start":{"line":11,"column":4},"end":{"line":16,"column":5}},"type":"if","locations":[{"start":{"line":11,"column":4},"end":{"line":16,"column":5}},{"start":{},"end":{}}]},"1":{"loc":{"start":{"line":11,"column":8},"end":{"line":11,"column":49}},"type":"binary-expr","locations":[{"start":{"line":11,"column":8},"end":{"line":11,"column":20}},{"start":{"line":11,"column":24},"end":{"line":11,"column":49}}]},"2":{"loc":{"start":{"line":22,"column":2},"end":{"line":27,"column":3}},"type":"if","locations":[{"start":{"line":22,"column":2},"end":{"line":27,"column":3}},{"start":{},"end":{}}]},"3":{"loc":{"start":{"line":67,"column":2},"end":{"line":72,"column":3}},"type":"if","locations":[{"start":{"line":67,"column":2},"end":{"line":72,"column":3}},{"start":{},"end":{}}]},"4":{"loc":{"start":{"line":88,"column":2},"end":{"line":93,"column":3}},"type":"if","locations":[{"start":{"line":88,"column":2},"end":{"line":93,"column":3}},{"start":{},"end":{}}]},"5":{"loc":{"start":{"line":95,"column":2},"end":{"line":100,"column":3}},"type":"if","locations":[{"start":{"line":95,"column":2},"end":{"line":100,"column":3}},{"start":{},"end":{}}]},"6":{"loc":{"start":{"line":102,"column":2},"end":{"line":107,"column":3}},"type":"if","locations":[{"start":{"line":102,"column":2},"end":{"line":107,"column":3}},{"start":{},"end":{}}]},"7":{"loc":{"start":{"line":110,"column":2},"end":{"line":115,"column":3}},"type":"if","locations":[{"start":{"line":110,"column":2},"end":{"line":115,"column":3}},{"start":{},"end":{}}]},"8":{"loc":{"start":{"line":134,"column":2},"end":{"line":139,"column":3}},"type":"if","locations":[{"start":{"line":134,"column":2},"end":{"line":139,"column":3}},{"start":{},"end":{}}]},"9":{"loc":{"start":{"line":141,"column":2},"end":{"line":146,"column":3}},"type":"if","locations":[{"start":{"line":141,"column":2},"end":{"line":146,"column":3}},{"start":{},"end":{}}]}},"s":{"0":1,"1":2,"2":5,"3":1,"4":1,"5":0,"6":0,"7":1,"8":2,"9":1,"10":1,"11":1,"12":0,"13":0,"14":1,"15":0,"16":0,"17":0,"18":0,"19":0,"20":1,"21":0,"22":0,"23":0,"24":0,"25":0,"26":0,"27":0,"28":0,"29":0,"30":0,"31":0,"32":0,"33":0,"34":0,"35":1,"36":0,"37":0,"38":0,"39":0,"40":0,"41":0,"42":0,"43":0},"f":{"0":2,"1":5,"2":0,"3":2,"4":0,"5":0,"6":0,"7":0},"b":{"0":[1,4],"1":[5,4],"2":[0,0],"3":[0,0],"4":[0,0],"5":[0,0],"6":[0,0],"7":[0,0],"8":[0,0],"9":[0,0]}}
,"C:\\Users\\Hp\\Desktop\\Taxtech-shipping-server\\src\\interfaces\\shipment.interface.ts": {"path":"C:\\Users\\Hp\\Desktop\\Taxtech-shipping-server\\src\\interfaces\\shipment.interface.ts","statementMap":{"0":{"start":{"line":4,"column":0},"end":{"line":4,"column":null}},"1":{"start":{"line":5,"column":2},"end":{"line":5,"column":null}},"2":{"start":{"line":6,"column":2},"end":{"line":6,"column":null}},"3":{"start":{"line":7,"column":2},"end":{"line":7,"column":null}},"4":{"start":{"line":8,"column":2},"end":{"line":8,"column":null}}},"fnMap":{"0":{"name":"(anonymous_0)","decl":{"start":{"line":4,"column":0},"end":{"line":4,"column":6}},"loc":{"start":{"line":4,"column":26},"end":{"line":9,"column":1}}}},"branchMap":{"0":{"loc":{"start":{"line":4,"column":12},"end":{"line":4,"column":null}},"type":"binary-expr","locations":[{"start":{"line":4,"column":12},"end":{"line":4,"column":26}},{"start":{"line":4,"column":12},"end":{"line":4,"column":null}}]}},"s":{"0":1,"1":1,"2":1,"3":1,"4":1},"f":{"0":1},"b":{"0":[1,1]}}
,"C:\\Users\\Hp\\Desktop\\Taxtech-shipping-server\\src\\middlewares\\errorHandlerMiddleware.ts": {"path":"C:\\Users\\Hp\\Desktop\\Taxtech-shipping-server\\src\\middlewares\\errorHandlerMiddleware.ts","statementMap":{"0":{"start":{"line":7,"column":28},"end":{"line":24,"column":1}},"1":{"start":{"line":15,"column":16},"end":{"line":19,"column":4}},"2":{"start":{"line":21,"column":2},"end":{"line":23,"column":59}}},"fnMap":{"0":{"name":"(anonymous_0)","decl":{"start":{"line":7,"column":28},"end":{"line":7,"column":null}},"loc":{"start":{"line":14,"column":4},"end":{"line":24,"column":1}}}},"branchMap":{"0":{"loc":{"start":{"line":16,"column":16},"end":{"line":16,"column":37}},"type":"binary-expr","locations":[{"start":{"line":16,"column":16},"end":{"line":16,"column":30}},{"start":{"line":16,"column":34},"end":{"line":16,"column":37}}]},"1":{"loc":{"start":{"line":17,"column":13},"end":{"line":17,"column":74}},"type":"binary-expr","locations":[{"start":{"line":17,"column":13},"end":{"line":17,"column":24}},{"start":{"line":17,"column":28},"end":{"line":17,"column":74}}]}},"s":{"0":1,"1":0,"2":0},"f":{"0":0},"b":{"0":[0,0],"1":[0,0]}}
,"C:\\Users\\Hp\\Desktop\\Taxtech-shipping-server\\src\\middlewares\\routeNotFound.ts": {"path":"C:\\Users\\Hp\\Desktop\\Taxtech-shipping-server\\src\\middlewares\\routeNotFound.ts","statementMap":{"0":{"start":{"line":4,"column":29},"end":{"line":7,"column":75}},"1":{"start":{"line":5,"column":2},"end":{"line":7,"column":75}}},"fnMap":{"0":{"name":"(anonymous_0)","decl":{"start":{"line":4,"column":29},"end":{"line":4,"column":30}},"loc":{"start":{"line":5,"column":2},"end":{"line":7,"column":75}}}},"branchMap":{},"s":{"0":1,"1":0},"f":{"0":0},"b":{}}
,"C:\\Users\\Hp\\Desktop\\Taxtech-shipping-server\\src\\models\\shipment.ts": {"path":"C:\\Users\\Hp\\Desktop\\Taxtech-shipping-server\\src\\models\\shipment.ts","statementMap":{"0":{"start":{"line":17,"column":23},"end":{"line":75,"column":null}},"1":{"start":{"line":68,"column":33},"end":{"line":68,"column":36}},"2":{"start":{"line":69,"column":8},"end":{"line":72,"column":10}},"3":{"start":{"line":79,"column":0},"end":{"line":85,"column":3}},"4":{"start":{"line":81,"column":2},"end":{"line":83,"column":3}},"5":{"start":{"line":82,"column":4},"end":{"line":82,"column":63}},"6":{"start":{"line":84,"column":2},"end":{"line":84,"column":9}},"7":{"start":{"line":90,"column":17},"end":{"line":90,"column":27}},"8":{"start":{"line":91,"column":17},"end":{"line":91,"column":22}},"9":{"start":{"line":92,"column":23},"end":{"line":92,"column":25}},"10":{"start":{"line":94,"column":2},"end":{"line":105,"column":3}},"11":{"start":{"line":96,"column":22},"end":{"line":96,"column":69}},"12":{"start":{"line":97,"column":4},"end":{"line":97,"column":45}},"13":{"start":{"line":100,"column":18},"end":{"line":102,"column":11}},"14":{"start":{"line":104,"column":4},"end":{"line":104,"column":27}},"15":{"start":{"line":107,"column":2},"end":{"line":107,"column":24}},"16":{"start":{"line":110,"column":0},"end":{"line":110,"column":51}},"17":{"start":{"line":126,"column":0},"end":{"line":129,"column":2}},"18":{"start":{"line":127,"column":29},"end":{"line":127,"column":81}},"19":{"start":{"line":128,"column":2},"end":{"line":128,"column":51}},"20":{"start":{"line":131,"column":0},"end":{"line":133,"column":2}},"21":{"start":{"line":132,"column":2},"end":{"line":132,"column":48}},"22":{"start":{"line":136,"column":17},"end":{"line":136,"column":92}}},"fnMap":{"0":{"name":"(anonymous_0)","decl":{"start":{"line":67,"column":17},"end":{"line":67,"column":18}},"loc":{"start":{"line":67,"column":31},"end":{"line":73,"column":7}}},"1":{"name":"(anonymous_1)","decl":{"start":{"line":79,"column":27},"end":{"line":79,"column":32}},"loc":{"start":{"line":79,"column":47},"end":{"line":85,"column":1}}},"2":{"name":"generateUniqueTrackingNumber","decl":{"start":{"line":89,"column":15},"end":{"line":89,"column":43}},"loc":{"start":{"line":89,"column":43},"end":{"line":108,"column":1}}},"3":{"name":"(anonymous_3)","decl":{"start":{"line":126,"column":35},"end":{"line":126,"column":null}},"loc":{"start":{"line":126,"column":35},"end":{"line":129,"column":1}}},"4":{"name":"(anonymous_4)","decl":{"start":{"line":131,"column":35},"end":{"line":131,"column":null}},"loc":{"start":{"line":131,"column":35},"end":{"line":133,"column":1}}}},"branchMap":{"0":{"loc":{"start":{"line":81,"column":2},"end":{"line":83,"column":3}},"type":"if","locations":[{"start":{"line":81,"column":2},"end":{"line":83,"column":3}},{"start":{},"end":{}}]},"1":{"loc":{"start":{"line":100,"column":18},"end":{"line":102,"column":11}},"type":"binary-expr","locations":[{"start":{"line":100,"column":18},"end":{"line":102,"column":6}},{"start":{"line":102,"column":10},"end":{"line":102,"column":11}}]}},"s":{"0":1,"1":1,"2":1,"3":1,"4":1,"5":1,"6":1,"7":1,"8":1,"9":1,"10":1,"11":1,"12":1,"13":1,"14":1,"15":1,"16":1,"17":1,"18":0,"19":0,"20":1,"21":0,"22":1},"f":{"0":1,"1":1,"2":1,"3":0,"4":0},"b":{"0":[1,0],"1":[1,1]}}
,"C:\\Users\\Hp\\Desktop\\Taxtech-shipping-server\\src\\routes\\shipment\\shipmentRoute.ts": {"path":"C:\\Users\\Hp\\Desktop\\Taxtech-shipping-server\\src\\routes\\shipment\\shipmentRoute.ts","statementMap":{"0":{"start":{"line":11,"column":15},"end":{"line":11,"column":31}},"1":{"start":{"line":14,"column":0},"end":{"line":14,"column":33}},"2":{"start":{"line":17,"column":0},"end":{"line":17,"column":33}},"3":{"start":{"line":21,"column":0},"end":{"line":21,"column":36}},"4":{"start":{"line":24,"column":0},"end":{"line":24,"column":35}},"5":{"start":{"line":27,"column":0},"end":{"line":27,"column":38}}},"fnMap":{},"branchMap":{},"s":{"0":1,"1":1,"2":1,"3":1,"4":1,"5":1},"f":{},"b":{}}
,"C:\\Users\\Hp\\Desktop\\Taxtech-shipping-server\\src\\utils\\helpers.ts": {"path":"C:\\Users\\Hp\\Desktop\\Taxtech-shipping-server\\src\\utils\\helpers.ts","statementMap":{"0":{"start":{"line":17,"column":19},"end":{"line":17,"column":49}},"1":{"start":{"line":19,"column":29},"end":{"line":19,"column":39}},"2":{"start":{"line":34,"column":40},"end":{"line":58,"column":1}},"3":{"start":{"line":35,"column":23},"end":{"line":35,"column":25}},"4":{"start":{"line":37,"column":2},"end":{"line":39,"column":3}},"5":{"start":{"line":38,"column":4},"end":{"line":38,"column":null}},"6":{"start":{"line":41,"column":2},"end":{"line":43,"column":3}},"7":{"start":{"line":42,"column":4},"end":{"line":42,"column":null}},"8":{"start":{"line":45,"column":2},"end":{"line":47,"column":3}},"9":{"start":{"line":46,"column":4},"end":{"line":46,"column":null}},"10":{"start":{"line":49,"column":2},"end":{"line":51,"column":3}},"11":{"start":{"line":50,"column":4},"end":{"line":50,"column":null}},"12":{"start":{"line":53,"column":2},"end":{"line":55,"column":3}},"13":{"start":{"line":54,"column":4},"end":{"line":54,"column":null}},"14":{"start":{"line":57,"column":2},"end":{"line":57,"column":null}},"15":{"start":{"line":66,"column":4},"end":{"line":66,"column":null}},"16":{"start":{"line":67,"column":4},"end":{"line":67,"column":null}},"17":{"start":{"line":68,"column":4},"end":{"line":68,"column":null}},"18":{"start":{"line":70,"column":4},"end":{"line":70,"column":null}},"19":{"start":{"line":76,"column":25},"end":{"line":90,"column":1}},"20":{"start":{"line":78,"column":16},"end":{"line":78,"column":59}},"21":{"start":{"line":79,"column":4},"end":{"line":79,"column":null}},"22":{"start":{"line":82,"column":2},"end":{"line":89,"column":3}},"23":{"start":{"line":83,"column":25},"end":{"line":83,"column":38}},"24":{"start":{"line":86,"column":4},"end":{"line":86,"column":null}},"25":{"start":{"line":88,"column":4},"end":{"line":88,"column":null}},"26":{"start":{"line":141,"column":36},"end":{"line":167,"column":1}},"27":{"start":{"line":143,"column":24},"end":{"line":143,"column":54}},"28":{"start":{"line":146,"column":2},"end":{"line":148,"column":3}},"29":{"start":{"line":147,"column":4},"end":{"line":147,"column":null}},"30":{"start":{"line":151,"column":2},"end":{"line":153,"column":3}},"31":{"start":{"line":152,"column":4},"end":{"line":152,"column":null}},"32":{"start":{"line":156,"column":2},"end":{"line":158,"column":3}},"33":{"start":{"line":157,"column":4},"end":{"line":157,"column":null}},"34":{"start":{"line":161,"column":2},"end":{"line":163,"column":3}},"35":{"start":{"line":162,"column":4},"end":{"line":162,"column":null}},"36":{"start":{"line":166,"column":2},"end":{"line":166,"column":null}},"37":{"start":{"line":285,"column":22},"end":{"line":285,"column":32}},"38":{"start":{"line":287,"column":23},"end":{"line":287,"column":41}},"39":{"start":{"line":290,"column":25},"end":{"line":290,"column":71}},"40":{"start":{"line":293,"column":25},"end":{"line":293,"column":63}},"41":{"start":{"line":295,"column":24},"end":{"line":295,"column":70}},"42":{"start":{"line":298,"column":28},"end":{"line":298,"column":70}},"43":{"start":{"line":300,"column":2},"end":{"line":300,"column":null}},"44":{"start":{"line":305,"column":15},"end":{"line":305,"column":16}},"45":{"start":{"line":306,"column":16},"end":{"line":309,"column":4}},"46":{"start":{"line":310,"column":2},"end":{"line":314,"column":null}},"47":{"start":{"line":311,"column":4},"end":{"line":313,"column":5}},"48":{"start":{"line":312,"column":6},"end":{"line":312,"column":null}},"49":{"start":{"line":315,"column":2},"end":{"line":315,"column":null}},"50":{"start":{"line":320,"column":2},"end":{"line":320,"column":null}},"51":{"start":{"line":321,"column":2},"end":{"line":321,"column":null}}},"fnMap":{"0":{"name":"(anonymous_0)","decl":{"start":{"line":34,"column":40},"end":{"line":34,"column":41}},"loc":{"start":{"line":34,"column":61},"end":{"line":58,"column":1}}},"1":{"name":"(anonymous_1)","decl":{"start":{"line":65,"column":2},"end":{"line":65,"column":14}},"loc":{"start":{"line":65,"column":49},"end":{"line":71,"column":3}}},"2":{"name":"(anonymous_2)","decl":{"start":{"line":76,"column":25},"end":{"line":76,"column":30}},"loc":{"start":{"line":76,"column":36},"end":{"line":90,"column":1}}},"3":{"name":"generateOTP","decl":{"start":{"line":77,"column":11},"end":{"line":77,"column":22}},"loc":{"start":{"line":77,"column":22},"end":{"line":80,"column":3}}},"4":{"name":"(anonymous_4)","decl":{"start":{"line":141,"column":36},"end":{"line":141,"column":37}},"loc":{"start":{"line":141,"column":60},"end":{"line":167,"column":1}}},"5":{"name":"getDaysBetweenDates","decl":{"start":{"line":283,"column":16},"end":{"line":283,"column":35}},"loc":{"start":{"line":283,"column":59},"end":{"line":301,"column":1}}},"6":{"name":"checkHowManyWeekendsBetweenDates","decl":{"start":{"line":304,"column":9},"end":{"line":304,"column":41}},"loc":{"start":{"line":304,"column":66},"end":{"line":316,"column":1}}},"7":{"name":"(anonymous_7)","decl":{"start":{"line":310,"column":16},"end":{"line":310,"column":17}},"loc":{"start":{"line":310,"column":25},"end":{"line":314,"column":3}}},"8":{"name":"setToMidnight","decl":{"start":{"line":319,"column":16},"end":{"line":319,"column":29}},"loc":{"start":{"line":319,"column":40},"end":{"line":322,"column":1}}}},"branchMap":{"0":{"loc":{"start":{"line":37,"column":2},"end":{"line":39,"column":3}},"type":"if","locations":[{"start":{"line":37,"column":2},"end":{"line":39,"column":3}},{"start":{},"end":{}}]},"1":{"loc":{"start":{"line":41,"column":2},"end":{"line":43,"column":3}},"type":"if","locations":[{"start":{"line":41,"column":2},"end":{"line":43,"column":3}},{"start":{},"end":{}}]},"2":{"loc":{"start":{"line":45,"column":2},"end":{"line":47,"column":3}},"type":"if","locations":[{"start":{"line":45,"column":2},"end":{"line":47,"column":3}},{"start":{},"end":{}}]},"3":{"loc":{"start":{"line":49,"column":2},"end":{"line":51,"column":3}},"type":"if","locations":[{"start":{"line":49,"column":2},"end":{"line":51,"column":3}},{"start":{},"end":{}}]},"4":{"loc":{"start":{"line":53,"column":2},"end":{"line":55,"column":3}},"type":"if","locations":[{"start":{"line":53,"column":2},"end":{"line":55,"column":3}},{"start":{},"end":{}}]},"5":{"loc":{"start":{"line":146,"column":2},"end":{"line":148,"column":3}},"type":"if","locations":[{"start":{"line":146,"column":2},"end":{"line":148,"column":3}},{"start":{},"end":{}}]},"6":{"loc":{"start":{"line":151,"column":2},"end":{"line":153,"column":3}},"type":"if","locations":[{"start":{"line":151,"column":2},"end":{"line":153,"column":3}},{"start":{},"end":{}}]},"7":{"loc":{"start":{"line":156,"column":2},"end":{"line":158,"column":3}},"type":"if","locations":[{"start":{"line":156,"column":2},"end":{"line":158,"column":3}},{"start":{},"end":{}}]},"8":{"loc":{"start":{"line":161,"column":2},"end":{"line":163,"column":3}},"type":"if","locations":[{"start":{"line":161,"column":2},"end":{"line":163,"column":3}},{"start":{},"end":{}}]},"9":{"loc":{"start":{"line":311,"column":4},"end":{"line":313,"column":5}},"type":"if","locations":[{"start":{"line":311,"column":4},"end":{"line":313,"column":5}},{"start":{},"end":{}}]}},"s":{"0":1,"1":1,"2":1,"3":0,"4":0,"5":0,"6":0,"7":0,"8":0,"9":0,"10":0,"11":0,"12":0,"13":0,"14":0,"15":1,"16":1,"17":1,"18":1,"19":1,"20":0,"21":0,"22":0,"23":0,"24":0,"25":0,"26":1,"27":0,"28":0,"29":0,"30":0,"31":0,"32":0,"33":0,"34":0,"35":0,"36":0,"37":0,"38":0,"39":0,"40":0,"41":0,"42":0,"43":0,"44":0,"45":0,"46":0,"47":0,"48":0,"49":0,"50":0,"51":0},"f":{"0":0,"1":1,"2":0,"3":0,"4":0,"5":0,"6":0,"7":0,"8":0},"b":{"0":[0,0],"1":[0,0],"2":[0,0],"3":[0,0],"4":[0,0],"5":[0,0],"6":[0,0],"7":[0,0],"8":[0,0],"9":[0,0]}}
,"C:\\Users\\Hp\\Desktop\\Taxtech-shipping-server\\src\\utils\\responses.ts": {"path":"C:\\Users\\Hp\\Desktop\\Taxtech-shipping-server\\src\\utils\\responses.ts","statementMap":{"0":{"start":{"line":3,"column":31},"end":{"line":14,"column":1}},"1":{"start":{"line":9,"column":2},"end":{"line":13,"column":5}},"2":{"start":{"line":16,"column":29},"end":{"line":25,"column":1}},"3":{"start":{"line":21,"column":2},"end":{"line":24,"column":5}}},"fnMap":{"0":{"name":"(anonymous_0)","decl":{"start":{"line":3,"column":31},"end":{"line":3,"column":null}},"loc":{"start":{"line":8,"column":4},"end":{"line":14,"column":1}}},"1":{"name":"(anonymous_1)","decl":{"start":{"line":16,"column":29},"end":{"line":16,"column":null}},"loc":{"start":{"line":20,"column":4},"end":{"line":25,"column":1}}}},"branchMap":{},"s":{"0":1,"1":1,"2":1,"3":0},"f":{"0":1,"1":0},"b":{}}
,"C:\\Users\\Hp\\Desktop\\Taxtech-shipping-server\\src\\utils\\statusCodes.ts": {"path":"C:\\Users\\Hp\\Desktop\\Taxtech-shipping-server\\src\\utils\\statusCodes.ts","statementMap":{"0":{"start":{"line":2,"column":25},"end":{"line":293,"column":2}}},"fnMap":{},"branchMap":{},"s":{"0":1},"f":{},"b":{}}
}
