TN:
SF:src\app.ts
FN:20,(anonymous_0)
FN:27,(anonymous_1)
FNF:2
FNH:1
FNDA:0,(anonymous_0)
FNDA:1,(anonymous_1)
DA:12,1
DA:14,1
DA:15,1
DA:16,1
DA:18,1
DA:20,1
DA:21,0
DA:25,1
DA:27,1
DA:28,1
DA:29,1
DA:30,1
DA:32,0
DA:35,1
DA:36,1
LF:15
LH:13
BRDA:25,0,0,1
BRDA:25,0,1,1
BRF:2
BRH:2
end_of_record
TN:
SF:src\config\databaseConnection.ts
FN:4,(anonymous_0)
FNF:1
FNH:1
FNDA:1,(anonymous_0)
DA:3,1
DA:4,1
DA:5,1
DA:6,1
DA:7,1
DA:9,0
LF:6
LH:5
BRF:0
BRH:0
end_of_record
TN:
SF:src\controllers\shipment.ts
FN:9,(anonymous_0)
FN:10,(anonymous_1)
FN:21,(anonymous_2)
FN:31,(anonymous_3)
FN:50,(anonymous_4)
FN:62,(anonymous_5)
FN:83,(anonymous_6)
FN:129,(anonymous_7)
FNF:8
FNH:3
FNDA:2,(anonymous_0)
FNDA:5,(anonymous_1)
FNDA:0,(anonymous_2)
FNDA:2,(anonymous_3)
FNDA:0,(anonymous_4)
FNDA:0,(anonymous_5)
FNDA:0,(anonymous_6)
FNDA:0,(anonymous_7)
DA:9,1
DA:10,2
DA:11,5
DA:12,1
DA:21,1
DA:22,0
DA:23,0
DA:31,1
DA:32,2
DA:34,1
DA:41,1
DA:50,1
DA:51,0
DA:53,0
DA:62,1
DA:63,0
DA:65,0
DA:67,0
DA:68,0
DA:74,0
DA:83,1
DA:84,0
DA:86,0
DA:88,0
DA:89,0
DA:95,0
DA:96,0
DA:102,0
DA:103,0
DA:109,0
DA:110,0
DA:111,0
DA:117,0
DA:118,0
DA:120,0
DA:129,1
DA:130,0
DA:132,0
DA:134,0
DA:135,0
DA:141,0
DA:142,0
DA:148,0
DA:150,0
LF:44
LH:13
BRDA:11,0,0,1
BRDA:11,0,1,4
BRDA:11,1,0,5
BRDA:11,1,1,4
BRDA:22,2,0,0
BRDA:22,2,1,0
BRDA:67,3,0,0
BRDA:67,3,1,0
BRDA:88,4,0,0
BRDA:88,4,1,0
BRDA:95,5,0,0
BRDA:95,5,1,0
BRDA:102,6,0,0
BRDA:102,6,1,0
BRDA:110,7,0,0
BRDA:110,7,1,0
BRDA:134,8,0,0
BRDA:134,8,1,0
BRDA:141,9,0,0
BRDA:141,9,1,0
BRF:20
BRH:4
end_of_record
TN:
SF:src\interfaces\shipment.interface.ts
FN:4,(anonymous_0)
FNF:1
FNH:1
FNDA:1,(anonymous_0)
DA:4,1
DA:5,1
DA:6,1
DA:7,1
DA:8,1
LF:5
LH:5
BRDA:4,0,0,1
BRDA:4,0,1,1
BRF:2
BRH:2
end_of_record
TN:
SF:src\middlewares\errorHandlerMiddleware.ts
FN:7,(anonymous_0)
FNF:1
FNH:0
FNDA:0,(anonymous_0)
DA:7,1
DA:15,0
DA:21,0
LF:3
LH:1
BRDA:16,0,0,0
BRDA:16,0,1,0
BRDA:17,1,0,0
BRDA:17,1,1,0
BRF:4
BRH:0
end_of_record
TN:
SF:src\middlewares\routeNotFound.ts
FN:4,(anonymous_0)
FNF:1
FNH:0
FNDA:0,(anonymous_0)
DA:4,1
DA:5,0
LF:2
LH:1
BRF:0
BRH:0
end_of_record
TN:
SF:src\models\shipment.ts
FN:67,(anonymous_0)
FN:79,(anonymous_1)
FN:89,generateUniqueTrackingNumber
FN:126,(anonymous_3)
FN:131,(anonymous_4)
FNF:5
FNH:3
FNDA:1,(anonymous_0)
FNDA:1,(anonymous_1)
FNDA:1,generateUniqueTrackingNumber
FNDA:0,(anonymous_3)
FNDA:0,(anonymous_4)
DA:17,1
DA:68,1
DA:69,1
DA:79,1
DA:81,1
DA:82,1
DA:84,1
DA:90,1
DA:91,1
DA:92,1
DA:94,1
DA:96,1
DA:97,1
DA:100,1
DA:104,1
DA:107,1
DA:110,1
DA:126,1
DA:127,0
DA:128,0
DA:131,1
DA:132,0
DA:136,1
LF:23
LH:20
BRDA:81,0,0,1
BRDA:81,0,1,0
BRDA:100,1,0,1
BRDA:100,1,1,1
BRF:4
BRH:3
end_of_record
TN:
SF:src\routes\shipment\shipmentRoute.ts
FNF:0
FNH:0
DA:11,1
DA:14,1
DA:17,1
DA:21,1
DA:24,1
DA:27,1
LF:6
LH:6
BRF:0
BRH:0
end_of_record
TN:
SF:src\utils\helpers.ts
FN:34,(anonymous_0)
FN:65,(anonymous_1)
FN:76,(anonymous_2)
FN:77,generateOTP
FN:141,(anonymous_4)
FN:283,getDaysBetweenDates
FN:304,checkHowManyWeekendsBetweenDates
FN:310,(anonymous_7)
FN:319,setToMidnight
FNF:9
FNH:1
FNDA:0,(anonymous_0)
FNDA:1,(anonymous_1)
FNDA:0,(anonymous_2)
FNDA:0,generateOTP
FNDA:0,(anonymous_4)
FNDA:0,getDaysBetweenDates
FNDA:0,checkHowManyWeekendsBetweenDates
FNDA:0,(anonymous_7)
FNDA:0,setToMidnight
DA:17,1
DA:19,1
DA:34,1
DA:35,0
DA:37,0
DA:38,0
DA:41,0
DA:42,0
DA:45,0
DA:46,0
DA:49,0
DA:50,0
DA:53,0
DA:54,0
DA:57,0
DA:66,1
DA:67,1
DA:68,1
DA:70,1
DA:76,1
DA:78,0
DA:79,0
DA:82,0
DA:83,0
DA:86,0
DA:88,0
DA:141,1
DA:143,0
DA:146,0
DA:147,0
DA:151,0
DA:152,0
DA:156,0
DA:157,0
DA:161,0
DA:162,0
DA:166,0
DA:285,0
DA:287,0
DA:290,0
DA:293,0
DA:295,0
DA:298,0
DA:300,0
DA:305,0
DA:306,0
DA:310,0
DA:311,0
DA:312,0
DA:315,0
DA:320,0
DA:321,0
LF:52
LH:9
BRDA:37,0,0,0
BRDA:37,0,1,0
BRDA:41,1,0,0
BRDA:41,1,1,0
BRDA:45,2,0,0
BRDA:45,2,1,0
BRDA:49,3,0,0
BRDA:49,3,1,0
BRDA:53,4,0,0
BRDA:53,4,1,0
BRDA:146,5,0,0
BRDA:146,5,1,0
BRDA:151,6,0,0
BRDA:151,6,1,0
BRDA:156,7,0,0
BRDA:156,7,1,0
BRDA:161,8,0,0
BRDA:161,8,1,0
BRDA:311,9,0,0
BRDA:311,9,1,0
BRF:20
BRH:0
end_of_record
TN:
SF:src\utils\responses.ts
FN:3,(anonymous_0)
FN:16,(anonymous_1)
FNF:2
FNH:1
FNDA:1,(anonymous_0)
FNDA:0,(anonymous_1)
DA:3,1
DA:9,1
DA:16,1
DA:21,0
LF:4
LH:3
BRF:0
BRH:0
end_of_record
TN:
SF:src\utils\statusCodes.ts
FNF:0
FNH:0
DA:2,1
LF:1
LH:1
BRF:0
BRH:0
end_of_record
